<?xml version="1.0" encoding="UTF-8"?>
<testsuite xmlns:xsi="http://www.w3.org/2001/XMLSchema-instance" xsi:noNamespaceSchemaLocation="https://maven.apache.org/surefire/maven-surefire-plugin/xsd/surefire-test-report-3.0.xsd" version="3.0" name="TestSuite" time="0.988" tests="33" errors="0" skipped="27" failures="6">
  <properties>
[...]
</properties>
  <testcase name="startDriver[null](0)" classname="org.selenium.pom.tests.CheckoutTest" time="0.522">
    <failure message="Name is null" type="java.lang.NullPointerException"><![CDATA[java.lang.NullPointerException: Name is null
	at java.base/java.lang.Enum.valueOf(Enum.java:291)
	at org.selenium.pom.constants.DriverType.valueOf(DriverType.java:3)
	at org.selenium.pom.base.BaseTest.startDriver(BaseTest.java:55)
	at java.base/jdk.internal.reflect.DirectMethodHandleAccessor.invoke(DirectMethodHandleAccessor.java:103)
	at java.base/java.lang.reflect.Method.invoke(Method.java:580)
	at org.testng.internal.invokers.MethodInvocationHelper.invokeMethod(MethodInvocationHelper.java:141)
	at org.testng.internal.invokers.MethodInvocationHelper.invokeMethodConsideringTimeout(MethodInvocationHelper.java:71)
	at org.testng.internal.invokers.ConfigInvoker.invokeConfigurationMethod(ConfigInvoker.java:400)
	at org.testng.internal.invokers.ConfigInvoker.invokeConfigurations(ConfigInvoker.java:333)
	at org.testng.internal.invokers.TestInvoker.runConfigMethods(TestInvoker.java:836)
	at org.testng.internal.invokers.TestInvoker.invokeMethod(TestInvoker.java:601)
	at org.testng.internal.invokers.TestInvoker.invokeTestMethod(TestInvoker.java:230)
	at org.testng.internal.invokers.MethodRunner.runInSequence(MethodRunner.java:63)
	at org.testng.internal.invokers.TestInvoker$MethodInvocationAgent.invoke(TestInvoker.java:995)
	at org.testng.internal.invokers.TestInvoker.invokeTestMethods(TestInvoker.java:203)
	at org.testng.internal.invokers.TestMethodWorker.invokeTestMethods(TestMethodWorker.java:154)
	at org.testng.internal.invokers.TestMethodWorker.run(TestMethodWorker.java:134)
	at java.base/java.util.concurrent.Executors$RunnableAdapter.call(Executors.java:572)
	at java.base/java.util.concurrent.FutureTask.run(FutureTask.java:317)
	at org.testng.internal.thread.graph.TestNGFutureTask.run(TestNGFutureTask.java:22)
	at java.base/java.util.concurrent.ThreadPoolExecutor.runWorker(ThreadPoolExecutor.java:1144)
	at java.base/java.util.concurrent.ThreadPoolExecutor$Worker.run(ThreadPoolExecutor.java:642)
	at java.base/java.lang.Thread.run(Thread.java:1583)
]]></failure>
    <system-err><![CDATA[SLF4J(W): No SLF4J providers were found.
SLF4J(W): Defaulting to no-operation (NOP) logger implementation
SLF4J(W): See https://www.slf4j.org/codes.html#noProviders for further details.
]]></system-err>
  </testcase>
  <testcase name="startDriver[null](0)" classname="org.selenium.pom.tests.CheckoutTest" time="0.526">
    <failure message="Name is null" type="java.lang.NullPointerException"><![CDATA[java.lang.NullPointerException: Name is null
	at java.base/java.lang.Enum.valueOf(Enum.java:291)
	at org.selenium.pom.constants.DriverType.valueOf(DriverType.java:3)
	at org.selenium.pom.base.BaseTest.startDriver(BaseTest.java:55)
	at java.base/jdk.internal.reflect.DirectMethodHandleAccessor.invoke(DirectMethodHandleAccessor.java:103)
	at java.base/java.lang.reflect.Method.invoke(Method.java:580)
	at org.testng.internal.invokers.MethodInvocationHelper.invokeMethod(MethodInvocationHelper.java:141)
	at org.testng.internal.invokers.MethodInvocationHelper.invokeMethodConsideringTimeout(MethodInvocationHelper.java:71)
	at org.testng.internal.invokers.ConfigInvoker.invokeConfigurationMethod(ConfigInvoker.java:400)
	at org.testng.internal.invokers.ConfigInvoker.invokeConfigurations(ConfigInvoker.java:333)
	at org.testng.internal.invokers.TestInvoker.runConfigMethods(TestInvoker.java:836)
	at org.testng.internal.invokers.TestInvoker.invokeMethod(TestInvoker.java:601)
	at org.testng.internal.invokers.TestInvoker.invokeTestMethod(TestInvoker.java:230)
	at org.testng.internal.invokers.MethodRunner.runInSequence(MethodRunner.java:63)
	at org.testng.internal.invokers.TestInvoker$MethodInvocationAgent.invoke(TestInvoker.java:995)
	at org.testng.internal.invokers.TestInvoker.invokeTestMethods(TestInvoker.java:203)
	at org.testng.internal.invokers.TestMethodWorker.invokeTestMethods(TestMethodWorker.java:154)
	at org.testng.internal.invokers.TestMethodWorker.run(TestMethodWorker.java:134)
	at java.base/java.util.concurrent.Executors$RunnableAdapter.call(Executors.java:572)
	at java.base/java.util.concurrent.FutureTask.run(FutureTask.java:317)
	at org.testng.internal.thread.graph.TestNGFutureTask.run(TestNGFutureTask.java:22)
	at java.base/java.util.concurrent.ThreadPoolExecutor.runWorker(ThreadPoolExecutor.java:1144)
	at java.base/java.util.concurrent.ThreadPoolExecutor$Worker.run(ThreadPoolExecutor.java:642)
	at java.base/java.lang.Thread.run(Thread.java:1583)
]]></failure>
  </testcase>
  <testcase name="LoginAndCheckoutUsingDirectBankTransfer" classname="org.selenium.pom.tests.CheckoutTest" time="0.0">
    <skipped message="Name is null"/>
  </testcase>
  <testcase name="quitDriver" classname="org.selenium.pom.tests.CheckoutTest" time="0.0">
    <skipped/>
  </testcase>
  <testcase name="quitDriver" classname="org.selenium.pom.tests.CheckoutTest" time="0.0">
    <skipped/>
  </testcase>
  <testcase name="GuestCheckoutUsingDirectBankTransfer" classname="org.selenium.pom.tests.CheckoutTest" time="0.0">
    <skipped message="Name is null"/>
  </testcase>
  <testcase name="startDriver[null](0)" classname="org.selenium.pom.tests.NavigationTest" time="0.526">
    <failure message="Name is null" type="java.lang.NullPointerException"><![CDATA[java.lang.NullPointerException: Name is null
	at java.base/java.lang.Enum.valueOf(Enum.java:291)
	at org.selenium.pom.constants.DriverType.valueOf(DriverType.java:3)
	at org.selenium.pom.base.BaseTest.startDriver(BaseTest.java:55)
	at java.base/jdk.internal.reflect.DirectMethodHandleAccessor.invoke(DirectMethodHandleAccessor.java:103)
	at java.base/java.lang.reflect.Method.invoke(Method.java:580)
	at org.testng.internal.invokers.MethodInvocationHelper.invokeMethod(MethodInvocationHelper.java:141)
	at org.testng.internal.invokers.MethodInvocationHelper.invokeMethodConsideringTimeout(MethodInvocationHelper.java:71)
	at org.testng.internal.invokers.ConfigInvoker.invokeConfigurationMethod(ConfigInvoker.java:400)
	at org.testng.internal.invokers.ConfigInvoker.invokeConfigurations(ConfigInvoker.java:333)
	at org.testng.internal.invokers.TestInvoker.runConfigMethods(TestInvoker.java:836)
	at org.testng.internal.invokers.TestInvoker.invokeMethod(TestInvoker.java:601)
	at org.testng.internal.invokers.TestInvoker.invokeTestMethod(TestInvoker.java:230)
	at org.testng.internal.invokers.MethodRunner.runInSequence(MethodRunner.java:63)
	at org.testng.internal.invokers.TestInvoker$MethodInvocationAgent.invoke(TestInvoker.java:995)
	at org.testng.internal.invokers.TestInvoker.invokeTestMethods(TestInvoker.java:203)
	at org.testng.internal.invokers.TestMethodWorker.invokeTestMethods(TestMethodWorker.java:154)
	at org.testng.internal.invokers.TestMethodWorker.run(TestMethodWorker.java:134)
	at java.base/java.util.concurrent.Executors$RunnableAdapter.call(Executors.java:572)
	at java.base/java.util.concurrent.FutureTask.run(FutureTask.java:317)
	at org.testng.internal.thread.graph.TestNGFutureTask.run(TestNGFutureTask.java:22)
	at java.base/java.util.concurrent.ThreadPoolExecutor.runWorker(ThreadPoolExecutor.java:1144)
	at java.base/java.util.concurrent.ThreadPoolExecutor$Worker.run(ThreadPoolExecutor.java:642)
	at java.base/java.lang.Thread.run(Thread.java:1583)
]]></failure>
  </testcase>
  <testcase name="NavigateFromHomeToStoreUsingMainMenu" classname="org.selenium.pom.tests.NavigationTest" time="0.0">
    <skipped message="Name is null"/>
  </testcase>
  <testcase name="quitDriver" classname="org.selenium.pom.tests.NavigationTest" time="0.0">
    <skipped/>
  </testcase>
  <testcase name="startDriver[null](0)" classname="org.selenium.pom.tests.LoginTest" time="0.526">
    <failure message="Name is null" type="java.lang.NullPointerException"><![CDATA[java.lang.NullPointerException: Name is null
	at java.base/java.lang.Enum.valueOf(Enum.java:291)
	at org.selenium.pom.constants.DriverType.valueOf(DriverType.java:3)
	at org.selenium.pom.base.BaseTest.startDriver(BaseTest.java:55)
	at java.base/jdk.internal.reflect.DirectMethodHandleAccessor.invoke(DirectMethodHandleAccessor.java:103)
	at java.base/java.lang.reflect.Method.invoke(Method.java:580)
	at org.testng.internal.invokers.MethodInvocationHelper.invokeMethod(MethodInvocationHelper.java:141)
	at org.testng.internal.invokers.MethodInvocationHelper.invokeMethodConsideringTimeout(MethodInvocationHelper.java:71)
	at org.testng.internal.invokers.ConfigInvoker.invokeConfigurationMethod(ConfigInvoker.java:400)
	at org.testng.internal.invokers.ConfigInvoker.invokeConfigurations(ConfigInvoker.java:333)
	at org.testng.internal.invokers.TestInvoker.runConfigMethods(TestInvoker.java:836)
	at org.testng.internal.invokers.TestInvoker.invokeMethod(TestInvoker.java:601)
	at org.testng.internal.invokers.TestInvoker.invokeTestMethod(TestInvoker.java:230)
	at org.testng.internal.invokers.MethodRunner.runInSequence(MethodRunner.java:63)
	at org.testng.internal.invokers.TestInvoker$MethodInvocationAgent.invoke(TestInvoker.java:995)
	at org.testng.internal.invokers.TestInvoker.invokeTestMethods(TestInvoker.java:203)
	at org.testng.internal.invokers.TestMethodWorker.invokeTestMethods(TestMethodWorker.java:154)
	at org.testng.internal.invokers.TestMethodWorker.run(TestMethodWorker.java:134)
	at java.base/java.util.concurrent.Executors$RunnableAdapter.call(Executors.java:572)
	at java.base/java.util.concurrent.FutureTask.run(FutureTask.java:317)
	at org.testng.internal.thread.graph.TestNGFutureTask.run(TestNGFutureTask.java:22)
	at java.base/java.util.concurrent.ThreadPoolExecutor.runWorker(ThreadPoolExecutor.java:1144)
	at java.base/java.util.concurrent.ThreadPoolExecutor$Worker.run(ThreadPoolExecutor.java:642)
	at java.base/java.lang.Thread.run(Thread.java:1583)
]]></failure>
  </testcase>
  <testcase name="loginDuringCheckout" classname="org.selenium.pom.tests.LoginTest" time="0.0">
    <skipped message="Name is null"/>
  </testcase>
  <testcase name="quitDriver" classname="org.selenium.pom.tests.LoginTest" time="0.0">
    <skipped/>
  </testcase>
  <testcase name="startDriver[null](0)" classname="org.selenium.pom.tests.AddToCartTest" time="0.526">
    <failure message="Name is null" type="java.lang.NullPointerException"><![CDATA[java.lang.NullPointerException: Name is null
	at java.base/java.lang.Enum.valueOf(Enum.java:291)
	at org.selenium.pom.constants.DriverType.valueOf(DriverType.java:3)
	at org.selenium.pom.base.BaseTest.startDriver(BaseTest.java:55)
	at java.base/jdk.internal.reflect.DirectMethodHandleAccessor.invoke(DirectMethodHandleAccessor.java:103)
	at java.base/java.lang.reflect.Method.invoke(Method.java:580)
	at org.testng.internal.invokers.MethodInvocationHelper.invokeMethod(MethodInvocationHelper.java:141)
	at org.testng.internal.invokers.MethodInvocationHelper.invokeMethodConsideringTimeout(MethodInvocationHelper.java:71)
	at org.testng.internal.invokers.ConfigInvoker.invokeConfigurationMethod(ConfigInvoker.java:400)
	at org.testng.internal.invokers.ConfigInvoker.invokeConfigurations(ConfigInvoker.java:333)
	at org.testng.internal.invokers.TestInvoker.runConfigMethods(TestInvoker.java:836)
	at org.testng.internal.invokers.TestInvoker.invokeMethod(TestInvoker.java:601)
	at org.testng.internal.invokers.TestInvoker.invokeTestMethod(TestInvoker.java:230)
	at org.testng.internal.invokers.MethodRunner.runInSequence(MethodRunner.java:63)
	at org.testng.internal.invokers.TestInvoker$MethodInvocationAgent.invoke(TestInvoker.java:995)
	at org.testng.internal.invokers.TestInvoker.invokeTestMethods(TestInvoker.java:203)
	at org.testng.internal.invokers.TestMethodWorker.invokeTestMethods(TestMethodWorker.java:154)
	at org.testng.internal.invokers.TestMethodWorker.run(TestMethodWorker.java:134)
	at java.base/java.util.concurrent.Executors$RunnableAdapter.call(Executors.java:572)
	at java.base/java.util.concurrent.FutureTask.run(FutureTask.java:317)
	at org.testng.internal.thread.graph.TestNGFutureTask.run(TestNGFutureTask.java:22)
	at java.base/java.util.concurrent.ThreadPoolExecutor.runWorker(ThreadPoolExecutor.java:1144)
	at java.base/java.util.concurrent.ThreadPoolExecutor$Worker.run(ThreadPoolExecutor.java:642)
	at java.base/java.lang.Thread.run(Thread.java:1583)
]]></failure>
  </testcase>
  <testcase name="addToCartFromStorePage" classname="org.selenium.pom.tests.AddToCartTest" time="0.0">
    <skipped message="Name is null"/>
  </testcase>
  <testcase name="quitDriver" classname="org.selenium.pom.tests.AddToCartTest" time="0.0">
    <skipped/>
  </testcase>
  <testcase name="quitDriver" classname="org.selenium.pom.tests.AddToCartTest" time="0.0">
    <skipped/>
  </testcase>
  <testcase name="quitDriver" classname="org.selenium.pom.tests.AddToCartTest" time="0.0">
    <skipped/>
  </testcase>
  <testcase name="quitDriver" classname="org.selenium.pom.tests.AddToCartTest" time="0.0">
    <skipped/>
  </testcase>
  <testcase name="quitDriver" classname="org.selenium.pom.tests.AddToCartTest" time="0.0">
    <skipped/>
  </testcase>
  <testcase name="quitDriver" classname="org.selenium.pom.tests.AddToCartTest" time="0.0">
    <skipped/>
  </testcase>
  <testcase name="startDriver" classname="org.selenium.pom.tests.AddToCartTest" time="0.0">
    <skipped/>
  </testcase>
  <testcase name="startDriver" classname="org.selenium.pom.tests.AddToCartTest" time="0.0">
    <skipped/>
  </testcase>
  <testcase name="startDriver" classname="org.selenium.pom.tests.AddToCartTest" time="0.0">
    <skipped/>
  </testcase>
  <testcase name="startDriver" classname="org.selenium.pom.tests.AddToCartTest" time="0.0">
    <skipped/>
  </testcase>
  <testcase name="startDriver" classname="org.selenium.pom.tests.AddToCartTest" time="0.0">
    <skipped/>
  </testcase>
  <testcase name="addToCartFeaturedProducts[org.selenium.pom.objects.Product@68fb7eda](1)" classname="org.selenium.pom.tests.AddToCartTest" time="0.0">
    <skipped message="Name is null"/>
  </testcase>
  <testcase name="addToCartFeaturedProducts[org.selenium.pom.objects.Product@13e9a8b7](2)" classname="org.selenium.pom.tests.AddToCartTest" time="0.0">
    <skipped message="Name is null"/>
  </testcase>
  <testcase name="addToCartFeaturedProducts[org.selenium.pom.objects.Product@6613c182](3)" classname="org.selenium.pom.tests.AddToCartTest" time="0.0">
    <skipped message="Name is null"/>
  </testcase>
  <testcase name="addToCartFeaturedProducts[org.selenium.pom.objects.Product@579c8516](4)" classname="org.selenium.pom.tests.AddToCartTest" time="0.0">
    <skipped message="Name is null"/>
  </testcase>
  <testcase name="addToCartFeaturedProducts[org.selenium.pom.objects.Product@384a190a](5)" classname="org.selenium.pom.tests.AddToCartTest" time="0.0">
    <skipped message="Name is null"/>
  </testcase>
  <testcase name="startDriver[null](0)" classname="org.selenium.pom.tests.SearchTest" time="0.005">
    <failure message="Name is null" type="java.lang.NullPointerException"><![CDATA[java.lang.NullPointerException: Name is null
	at java.base/java.lang.Enum.valueOf(Enum.java:291)
	at org.selenium.pom.constants.DriverType.valueOf(DriverType.java:3)
	at org.selenium.pom.base.BaseTest.startDriver(BaseTest.java:55)
	at java.base/jdk.internal.reflect.DirectMethodHandleAccessor.invoke(DirectMethodHandleAccessor.java:103)
	at java.base/java.lang.reflect.Method.invoke(Method.java:580)
	at org.testng.internal.invokers.MethodInvocationHelper.invokeMethod(MethodInvocationHelper.java:141)
	at org.testng.internal.invokers.MethodInvocationHelper.invokeMethodConsideringTimeout(MethodInvocationHelper.java:71)
	at org.testng.internal.invokers.ConfigInvoker.invokeConfigurationMethod(ConfigInvoker.java:400)
	at org.testng.internal.invokers.ConfigInvoker.invokeConfigurations(ConfigInvoker.java:333)
	at org.testng.internal.invokers.TestInvoker.runConfigMethods(TestInvoker.java:836)
	at org.testng.internal.invokers.TestInvoker.invokeMethod(TestInvoker.java:601)
	at org.testng.internal.invokers.TestInvoker.invokeTestMethod(TestInvoker.java:230)
	at org.testng.internal.invokers.MethodRunner.runInSequence(MethodRunner.java:63)
	at org.testng.internal.invokers.TestInvoker$MethodInvocationAgent.invoke(TestInvoker.java:995)
	at org.testng.internal.invokers.TestInvoker.invokeTestMethods(TestInvoker.java:203)
	at org.testng.internal.invokers.TestMethodWorker.invokeTestMethods(TestMethodWorker.java:154)
	at org.testng.internal.invokers.TestMethodWorker.run(TestMethodWorker.java:134)
	at java.base/java.util.concurrent.Executors$RunnableAdapter.call(Executors.java:572)
	at java.base/java.util.concurrent.FutureTask.run(FutureTask.java:317)
	at org.testng.internal.thread.graph.TestNGFutureTask.run(TestNGFutureTask.java:22)
	at java.base/java.util.concurrent.ThreadPoolExecutor.runWorker(ThreadPoolExecutor.java:1144)
	at java.base/java.util.concurrent.ThreadPoolExecutor$Worker.run(ThreadPoolExecutor.java:642)
	at java.base/java.lang.Thread.run(Thread.java:1583)
]]></failure>
  </testcase>
  <testcase name="searchWithPartialMatch" classname="org.selenium.pom.tests.SearchTest" time="0.0">
    <skipped message="Name is null"/>
  </testcase>
  <testcase name="quitDriver" classname="org.selenium.pom.tests.SearchTest" time="0.0">
    <skipped/>
  </testcase>
</testsuite>